<?xml version="1.0" encoding="UTF-8"?>
<!-- Generated by org.testng.reporters.JUnitReportReporter -->
<testsuite hostname="DESKTOP-J7791LE" failures="0" tests="5" name="extentreport.extentreportusingTestNG" time="10.634" errors="0" timestamp="2022-06-14T16:21:16 IST" skipped="0">
  <testcase classname="extentreport.extentreportusingTestNG" name="languages" time="1.133"/>
  <system-out/>
  <testcase classname="extentreport.extentreportusingTestNG" name="confirm" time="2.039"/>
  <system-out/>
  <testcase classname="extentreport.extentreportusingTestNG" name="deselect" time="0.050"/>
  <system-out/>
  <testcase classname="extentreport.extentreportusingTestNG" name="selenium" time="1.045"/>
  <system-out/>
  <testcase classname="extentreport.extentreportusingTestNG" name="alloptions" time="6.367"/>
  <system-out/>
</testsuite> <!-- extentreport.extentreportusingTestNG -->
